[15:32:16.448] Global cache location '/home/niedzwiedz/.cache/typescript/4.1', safe file path '/home/niedzwiedz/.nvm/versions/node/v15.3.0/lib/node_modules/typescript/lib/typingSafeList.json', types map path /home/niedzwiedz/.nvm/versions/node/v15.3.0/lib/node_modules/typescript/lib/typesMap.json
[15:32:16.448] Processing cache location '/home/niedzwiedz/.cache/typescript/4.1'
[15:32:16.448] Trying to find '/home/niedzwiedz/.cache/typescript/4.1/package.json'...
[15:32:16.452] Loaded content of '/home/niedzwiedz/.cache/typescript/4.1/package.json': {"private":true,"dependencies":{"types-registry":"^0.1.535"},"devDependencies":{"@types/abbrev":"^1.1.1","@types/accepts":"^1.3.5","@types/ajv-errors":"^1.0.3","@types/ansi-styles":"^3.2.1","@types/anymatch":"^1.3.1","@types/argparse":"^2.0.5","@types/arr-diff":"^4.0.0","@types/arr-union":"^3.1.0","@types/array-unique":"^0.3.0","@types/asn1":"^0.2.0","@types/asn1js":"^2.0.0","@types/assert":"^1.5.3","@types/assert-plus":"^1.0.4","@types/async":"^3.2.5","@types/atob":"^2.1.2","@types/autoprefixer":"^9.7.2","@types/aws4":"^1.5.1","@types/b64-lite":"^1.3.0","@types/babel-code-frame":"^6.20.4","@types/babel-core":"^6.25.6","@types/babel-template":"^6.25.2","@types/babel-traverse":"^6.25.5","@types/babel-types":"^7.0.9","@types/babylon":"^6.16.5","@types/balanced-match":"^1.0.1","@types/base-64":"^0.1.3","@types/big.js":"^6.0.2","@types/bindings":"^1.5.0","@types/bluebird":"^3.5.33","@types/bn.js":"^4.11.6","@types/body-parser":"^1.19.0","@types/bonjour":"^3.5.8","@types/brace-expansion":"^1.1.0","@types/braces":"^3.0.0","@types/brorand":"^1.0.30","@types/browser-resolve":"^2.0.0","@types/bser":"^2.0.0","@types/buffer-from":"^1.1.0","@types/buffer-json":"^2.0.0","@types/buffer-xor":"^2.0.0","@types/bytes":"^3.1.0","@types/cacache":"^12.0.1","@types/caniuse-api":"^3.0.1","@types/caniuse-lite":"^1.0.0","@types/case-sensitive-paths-webpack-plugin":"^2.1.4","@types/caseless":"^0.12.2","@types/chardet":"^0.8.0","@types/check-types":"^7.3.1","@types/chownr":"^1.0.0","@types/ci-info":"^2.0.0","@types/cipher-base":"^1.0.0","@types/clean-css":"^4.2.3","@types/cli-spinners":"^1.3.0","@types/clone":"^2.1.0","@types/clone-deep":"^4.0.1","@types/co":"^4.6.2","@types/color":"^3.0.1","@types/color-convert":"^2.0.0","@types/color-name":"^1.1.1","@types/color-string":"^1.5.0","@types/combined-stream":"^1.0.2","@types/common-tags":"^1.8.0","@types/commondir":"^1.0.0","@types/component-emitter":"^1.2.10","@types/compressible":"^2.0.0","@types/compression":"^1.7.0","@types/concat-map":"0.0.0","@types/concat-stream":"^1.6.0","@types/connect-history-api-fallback":"^1.3.3","@types/consolidate":"^0.14.0","@types/content-disposition":"^0.5.3","@types/content-type":"^1.1.3","@types/convert-source-map":"^1.5.1","@types/cookie":"^0.4.0","@types/cookie-signature":"^1.0.3","@types/copy-webpack-plugin":"^6.4.0","@types/core-js":"^2.5.4","@types/create-hash":"^1.2.2","@types/create-hmac":"^1.1.0","@types/cross-spawn":"^6.0.2","@types/css":"0.0.31","@types/css-declaration-sorter":"^5.1.0","@types/css-tree":"^1.0.4","@types/cssesc":"^3.0.0","@types/cssnano":"^4.0.0","@types/csso":"^3.5.1","@types/cssom":"^0.4.1","@types/cssstyle":"^2.2.1","@types/dashdash":"^1.14.0","@types/data-urls":"^2.0.0","@types/deasync":"^0.1.1","@types/debug":"^4.1.5","@types/decode-uri-component":"^0.2.0","@types/deep-equal":"^1.0.1","@types/default-gateway":"^3.0.1","@types/defaults":"^1.0.3","@types/define-properties":"^1.1.3","@types/depd":"^1.1.32","@types/destroy":"^1.0.0","@types/detect-node":"^2.0.0","@types/diff":"^5.0.0","@types/diffie-hellman":"^5.0.0","@types/dir-glob":"^2.0.0","@types/doctrine":"0.0.3","@types/domexception":"^2.0.1","@types/domhandler":"^2.4.1","@types/domutils":"^1.7.3","@types/duplexify":"^3.6.0","@types/ee-first":"^1.1.0","@types/ejs":"^3.0.5","@types/elliptic":"^6.4.12","@types/encodeurl":"^1.0.0","@types/end-of-stream":"^1.4.0","@types/enhanced-resolve":"^3.0.6","@types/es-abstract":"^1.17.2","@types/es-to-primitive":"^1.2.4","@types/escape-html":"^1.0.0","@types/escodegen":"0.0.6","@types/eslint":"^7.2.6","@types/eslint-scope":"^3.7.0","@types/eslint-visitor-keys":"^1.0.0","@types/esprima":"^4.0.2","@types/esquery":"^1.0.1","@types/estraverse":"^5.1.0","@types/etag":"^1.8.0","@types/events":"^3.0.0","@types/eventsource":"^1.1.5","@types/exit":"^0.1.31","@types/express":"^4.17.11","@types/extend":"^3.0.1","@types/extsprintf":"^1.4.1","@types/fast-levenshtein":"0.0.1","@types/fb-watchman":"^2.0.0","@types/file-entry-cache":"^5.0.1","@types/file-loader":"^4.2.0","@types/finalhandler":"^1.1.0","@types/find-cache-dir":"^3.2.0","@types/flat-cache":"^2.0.0","@types/flush-write-stream":"^1.0.0","@types/follow-redirects":"^1.13.0","@types/forever-agent":"^0.6.0","@types/forwarded":"^0.1.0","@types/fresh":"^0.5.0","@types/from2":"^2.3.0","@types/fs-extra":"^9.0.6","@types/function-bind":"^1.1.6","@types/get-caller-file":"^1.0.0","@types/get-value":"^3.0.1","@types/getpass":"^0.1.0","@types/glob":"^7.1.3","@types/glob-parent":"^5.1.0","@types/glob-to-regexp":"^0.4.0","@types/graceful-fs":"^4.1.4","@types/has":"^1.0.0","@types/has-ansi":"^3.0.0","@types/has-symbols":"^1.0.0","@types/hash-sum":"^1.0.0","@types/he":"^1.1.1","@types/hex-color-regex":"^1.1.0","@types/hosted-git-info":"^3.0.1","@types/html-encoding-sniffer":"^2.0.1","@types/html-escaper":"^3.0.0","@types/html-minifier":"^4.0.0","@types/html-webpack-plugin":"^3.2.4","@types/htmlparser2":"^3.10.2","@types/http-errors":"^1.8.0","@types/http-proxy":"^1.17.4","@types/http-proxy-middleware":"^0.19.3","@types/icss-utils":"^4.1.0","@types/iferr":"^1.0.2","@types/imurmurhash":"^0.1.1","@types/inherits":"0.0.30","@types/ini":"^1.3.30","@types/inquirer":"^7.3.1","@types/invariant":"^2.2.34","@types/ip":"^1.1.0","@types/is-arguments":"^1.0.0","@types/is-buffer":"^2.0.0","@types/is-callable":"^1.1.0","@types/is-ci":"^2.0.0","@types/is-core-module":"^2.2.0","@types/is-date-object":"^1.0.1","@types/is-glob":"^4.0.1","@types/is-number":"^7.0.1","@types/is-regex":"^1.0.0","@types/is-typedarray":"^1.0.0","@types/is-windows":"^1.0.0","@types/isarray":"^2.0.0","@types/isexe":"^2.0.0","@types/isstream":"^0.1.0","@types/istanbul-lib-coverage":"^2.0.3","@types/istanbul-lib-instrument":"^1.7.4","@types/istanbul-lib-report":"^3.0.0","@types/istanbul-lib-source-maps":"^4.0.1","@types/istanbul-reports":"^3.0.0","@types/js-beautify":"^1.13.1","@types/js-yaml":"^4.0.0","@types/jsbn":"^1.2.29","@types/jsdom":"^16.2.6","@types/jsesc":"^2.5.1","@types/json-parse-better-errors":"^1.0.0","@types/json-schema":"^7.0.6","@types/json-schema-traverse":"^0.4.0","@types/json-stable-stringify":"^1.0.32","@types/json-stringify-safe":"^5.0.0","@types/json3":"^3.3.2","@types/json5":"0.0.30","@types/jsonfile":"^6.0.0","@types/kind-of":"^6.0.0","@types/loader-runner":"^2.2.3","@types/loader-utils":"^2.0.1","@types/lodash":"^4.14.167","@types/lodash.camelcase":"^4.3.6","@types/lodash.defaultsdeep":"^4.6.6","@types/lodash.kebabcase":"^4.1.6","@types/lodash.mapvalues":"^4.6.6","@types/lodash.memoize":"^4.1.6","@types/lodash.sortby":"^4.7.6","@types/lodash.template":"^4.5.0","@types/lodash.transform":"^4.6.6","@types/lodash.uniq":"^4.5.6","@types/lru-cache":"^5.1.0","@types/media-typer":"^1.1.0","@types/memory-fs":"^0.3.2","@types/merge-descriptors":"^1.0.1","@types/merge-stream":"^1.1.2","@types/merge2":"^1.3.0","@types/methods":"^1.1.1","@types/micromatch":"^4.0.1","@types/mime":"^2.0.3","@types/mime-db":"^1.43.0","@types/mime-types":"^2.1.0","@types/mini-css-extract-plugin":"^1.2.2","@types/minimalistic-assert":"^1.0.1","@types/minimatch":"^3.0.3","@types/minimist":"^1.2.1","@types/minipass":"^2.2.0","@types/mkdirp":"^1.0.1","@types/move-concurrently":"^1.0.2","@types/ms":"^0.7.31","@types/mute-stream":"0.0.0","@types/mz":"^2.7.3","@types/natural-compare":"^1.4.0","@types/negotiator":"^0.6.1","@types/nice-try":"^2.1.0","@types/node-forge":"^0.9.6","@types/node-int64":"^0.4.29","@types/node-ipc":"^9.1.3","@types/node-notifier":"^8.0.0","@types/nopt":"^3.0.29","@types/normalize-package-data":"^2.4.0","@types/normalize-path":"^3.0.0","@types/num2fraction":"^1.2.0","@types/object-assign":"^4.0.30","@types/object-hash":"^1.3.4","@types/object-inspect":"^1.8.0","@types/object-keys":"^1.0.1","@types/object.getownpropertydescriptors":"^2.1.1","@types/object.pick":"^1.3.0","@types/on-finished":"^2.3.1","@types/on-headers":"^1.0.0","@types/once":"^1.4.0","@types/opener":"^1.4.0","@types/original":"^1.0.0","@types/os-tmpdir":"^1.0.0","@types/pako":"^1.0.1","@types/parallel-transform":"^1.1.0","@types/parse-json":"^4.0.0","@types/parse5":"^6.0.0","@types/parse5-htmlparser2-tree-adapter":"^6.0.0","@types/parseurl":"^1.3.1","@types/pascalcase":"^1.0.0","@types/path-is-absolute":"^1.0.0","@types/path-is-inside":"^1.0.0","@types/path-parse":"^1.0.19","@types/pbkdf2":"^3.1.0","@types/picomatch":"^2.2.1","@types/pify":"^5.0.0","@types/pngjs":"^3.4.2","@types/postcss-calc":"^7.0.0","@types/postcss-load-config":"^2.0.1","@types/postcss-modules-extract-imports":"^2.0.0","@types/postcss-modules-local-by-default":"^1.2.0","@types/postcss-modules-scope":"^1.1.0","@types/postcss-modules-values":"^3.0.0","@types/prelude-ls":"^1.1.29","@types/prettier":"^2.1.6","@types/pretty":"^2.0.0","@types/progress":"^2.0.3","@types/promise-inflight":"^1.0.0","@types/prompts":"^2.0.9","@types/proxy-addr":"^2.0.0","@types/psl":"^1.1.0","@types/pump":"^1.1.0","@types/pumpify":"^1.4.1","@types/punycode":"^2.1.0","@types/pvutils":"^1.0.0","@types/q":"^1.5.4","@types/qrcode":"^1.3.5","@types/qs":"^6.9.5","@types/querystringify":"^2.0.0","@types/randombytes":"^2.0.0","@types/range-parser":"^1.2.3","@types/react-is":"^17.0.0","@types/readable-stream":"^2.3.9","@types/regenerator-runtime":"^0.13.0","@types/relateurl":"^0.2.28","@types/repeat-element":"^1.1.0","@types/repeat-string":"^1.6.0","@types/request":"^2.48.5","@types/request-promise-native":"^1.0.17","@types/require-directory":"^2.1.1","@types/requires-port":"^1.0.0","@types/resolve":"^1.17.1","@types/retry":"^0.12.0","@types/rimraf":"^3.0.0","@types/ripemd160":"^2.0.0","@types/rsvp":"^4.0.3","@types/safe-regex":"^1.1.2","@types/safer-buffer":"^2.1.0","@types/sane":"^2.0.0","@types/sass":"^1.16.0","@types/sass-loader":"^8.0.0","@types/sax":"^1.2.1","@types/semver":"^7.3.4","@types/send":"^0.14.5","@types/serialize-javascript":"^5.0.0","@types/serve-index":"^1.7.30","@types/serve-static":"^1.13.8","@types/set-value":"^2.0.0","@types/setimmediate":"^1.0.2","@types/sha.js":"^2.4.0","@types/shebang-command":"^1.2.0","@types/shell-quote":"^1.7.0","@types/sigmund":"^1.0.0","@types/signal-exit":"^3.0.0","@types/slice-ansi":"^4.0.0","@types/sockjs":"^0.3.32","@types/sockjs-client":"^1.5.0","@types/source-list-map":"^0.1.2","@types/source-map-support":"^0.5.3","@types/spdx-correct":"^2.0.0","@types/spdx-expression-parse":"^3.0.0","@types/spdy":"^3.4.4","@types/sprintf":"^0.1.0","@types/sprintf-js":"^1.1.2","@types/sshpk":"^1.10.5","@types/ssri":"^7.1.0","@types/stack-utils":"^2.0.0","@types/statuses":"^2.0.0","@types/stream-each":"^1.2.0","@types/stream-shift":"^1.0.0","@types/strict-uri-encode":"^2.0.0","@types/string-hash":"^1.1.1","@types/stringify-object":"^3.3.0","@types/strip-comments":"^2.0.0","@types/supports-color":"^7.2.0","@types/svg-tags":"^1.0.0","@types/svgo":"^1.3.3","@types/symbol-tree":"^3.2.1","@types/table":"^6.0.0","@types/tapable":"^1.0.6","@types/terser-webpack-plugin":"^5.0.2","@types/text-table":"^0.2.1","@types/through":"0.0.30","@types/through2":"^2.0.36","@types/timsort":"^0.3.0","@types/tmp":"^0.2.0","@types/toposort":"^2.0.3","@types/tough-cookie":"^4.0.0","@types/tryer":"^1.0.1","@types/type-check":"^0.3.27","@types/type-is":"^1.6.3","@types/uglify-js":"^3.11.1","@types/uniq":"0.0.27","@types/universalify":"^1.0.0","@types/urix":"^0.1.0","@types/url-parse":"^1.4.3","@types/util-deprecate":"^1.0.0","@types/util.promisify":"^1.0.4","@types/utils-merge":"0.0.28","@types/uuid":"^8.3.0","@types/validate-npm-package-license":"^3.0.0","@types/vary":"^1.1.0","@types/verror":"^1.10.4","@types/w3c-xmlserializer":"^2.0.1","@types/watchpack":"^1.1.5","@types/wcwidth":"^1.0.0","@types/webidl-conversions":"^6.1.0","@types/webpack":"^4.41.26","@types/webpack-bundle-analyzer":"^3.9.0","@types/webpack-dev-middleware":"^4.0.0","@types/webpack-dev-server":"^3.11.1","@types/webpack-merge":"^4.1.5","@types/webpack-sources":"^2.1.0","@types/whatwg-encoding":"^1.0.0","@types/whatwg-mimetype":"^2.1.0","@types/whatwg-url":"^8.0.0","@types/which":"^2.0.0","@types/workbox-background-sync":"^4.3.1","@types/workbox-broadcast-update":"^4.3.0","@types/workbox-build":"^5.0.0","@types/workbox-cacheable-response":"^4.3.0","@types/workbox-core":"^4.3.0","@types/workbox-expiration":"^4.3.0","@types/workbox-google-analytics":"^4.3.0","@types/workbox-navigation-preload":"^4.3.0","@types/workbox-precaching":"^4.3.0","@types/workbox-range-requests":"^4.3.0","@types/workbox-routing":"^4.3.0","@types/workbox-strategies":"^4.3.0","@types/workbox-streams":"^4.3.0","@types/workbox-sw":"^4.3.1","@types/workbox-webpack-plugin":"^5.1.5","@types/workbox-window":"^4.3.3","@types/wrap-ansi":"^3.0.0","@types/write":"^2.0.0","@types/write-file-atomic":"^3.0.1","@types/ws":"^7.4.0","@types/xtend":"^4.0.3","@types/y18n":"^4.0.0","@types/yallist":"^3.0.1","@types/yargs":"^15.0.12","@types/yargs-parser":"^20.2.0"}}
[15:32:16.452] Loaded content of '/home/niedzwiedz/.cache/typescript/4.1/package-lock.json'
[15:32:16.460] Adding entry into typings cache: 'abbrev' => '/home/niedzwiedz/.cache/typescript/4.1/node_modules/@types/abbrev/index.d.ts'
[15:32:16.462] Adding entry into typings cache: 'accepts' => '/home/niedzwiedz/.cache/typescript/4.1/node_modules/@types/accepts/index.d.ts'
[15:32:16.464] Adding entry into typings cache: 'ajv-errors' => '/home/niedzwiedz/.cache/typescript/4.1/node_modules/@types/ajv-errors/index.d.ts'
[15:32:16.469] Adding entry into typings cache: 'ansi-styles' => '/home/niedzwiedz/.cache/typescript/4.1/node_modules/@types/ansi-styles/index.d.ts'
[15:32:16.474] Adding entry into typings cache: 'anymatch' => '/home/niedzwiedz/.cache/typescript/4.1/node_modules/@types/anymatch/index.d.ts'
[15:32:16.476] Adding entry into typings cache: 'argparse' => '/home/niedzwiedz/.cache/typescript/4.1/node_modules/@types/argparse/index.d.ts'
[15:32:16.480] Adding entry into typings cache: 'arr-diff' => '/home/niedzwiedz/.cache/typescript/4.1/node_modules/@types/arr-diff/index.d.ts'
[15:32:16.483] Adding entry into typings cache: 'arr-union' => '/home/niedzwiedz/.cache/typescript/4.1/node_modules/@types/arr-union/index.d.ts'
[15:32:16.487] Adding entry into typings cache: 'array-unique' => '/home/niedzwiedz/.cache/typescript/4.1/node_modules/@types/array-unique/index.d.ts'
[15:32:16.488] Adding entry into typings cache: 'asn1' => '/home/niedzwiedz/.cache/typescript/4.1/node_modules/@types/asn1/index.d.ts'
[15:32:16.491] Adding entry into typings cache: 'asn1js' => '/home/niedzwiedz/.cache/typescript/4.1/node_modules/@types/asn1js/index.d.ts'
[15:32:16.493] Adding entry into typings cache: 'assert' => '/home/niedzwiedz/.cache/typescript/4.1/node_modules/@types/assert/index.d.ts'
[15:32:16.494] Adding entry into typings cache: 'assert-plus' => '/home/niedzwiedz/.cache/typescript/4.1/node_modules/@types/assert-plus/index.d.ts'
[15:32:16.496] Adding entry into typings cache: 'async' => '/home/niedzwiedz/.cache/typescript/4.1/node_modules/@types/async/index.d.ts'
[15:32:16.501] Adding entry into typings cache: 'atob' => '/home/niedzwiedz/.cache/typescript/4.1/node_modules/@types/atob/index.d.ts'
[15:32:16.502] Adding entry into typings cache: 'autoprefixer' => '/home/niedzwiedz/.cache/typescript/4.1/node_modules/@types/autoprefixer/index.d.ts'
[15:32:16.504] Adding entry into typings cache: 'aws4' => '/home/niedzwiedz/.cache/typescript/4.1/node_modules/@types/aws4/index.d.ts'
[15:32:16.505] Adding entry into typings cache: 'b64-lite' => '/home/niedzwiedz/.cache/typescript/4.1/node_modules/@types/b64-lite/index.d.ts'
[15:32:16.507] Adding entry into typings cache: 'babel-code-frame' => '/home/niedzwiedz/.cache/typescript/4.1/node_modules/@types/babel-code-frame/index.d.ts'
[15:32:16.508] Adding entry into typings cache: 'babel-core' => '/home/niedzwiedz/.cache/typescript/4.1/node_modules/@types/babel-core/index.d.ts'
[15:32:16.510] Adding entry into typings cache: 'babel-template' => '/home/niedzwiedz/.cache/typescript/4.1/node_modules/@types/babel-template/index.d.ts'
[15:32:16.512] Adding entry into typings cache: 'babel-traverse' => '/home/niedzwiedz/.cache/typescript/4.1/node_modules/@types/babel-traverse/index.d.ts'
[15:32:16.513] Adding entry into typings cache: 'babel-types' => '/home/niedzwiedz/.cache/typescript/4.1/node_modules/@types/babel-types/index.d.ts'
[15:32:16.515] Adding entry into typings cache: 'babylon' => '/home/niedzwiedz/.cache/typescript/4.1/node_modules/@types/babylon/index.d.ts'
[15:32:16.516] Adding entry into typings cache: 'balanced-match' => '/home/niedzwiedz/.cache/typescript/4.1/node_modules/@types/balanced-match/index.d.ts'
[15:32:16.518] Adding entry into typings cache: 'base-64' => '/home/niedzwiedz/.cache/typescript/4.1/node_modules/@types/base-64/index.d.ts'
[15:32:16.519] Adding entry into typings cache: 'big.js' => '/home/niedzwiedz/.cache/typescript/4.1/node_modules/@types/big.js/index.d.ts'
[15:32:16.523] Adding entry into typings cache: 'bindings' => '/home/niedzwiedz/.cache/typescript/4.1/node_modules/@types/bindings/index.d.ts'
[15:32:16.525] Adding entry into typings cache: 'bluebird' => '/home/niedzwiedz/.cache/typescript/4.1/node_modules/@types/bluebird/index.d.ts'
[15:32:16.527] Adding entry into typings cache: 'bn.js' => '/home/niedzwiedz/.cache/typescript/4.1/node_modules/@types/bn.js/index.d.ts'
[15:32:16.528] Adding entry into typings cache: 'body-parser' => '/home/niedzwiedz/.cache/typescript/4.1/node_modules/@types/body-parser/index.d.ts'
[15:32:16.530] Adding entry into typings cache: 'bonjour' => '/home/niedzwiedz/.cache/typescript/4.1/node_modules/@types/bonjour/index.d.ts'
[15:32:16.531] Adding entry into typings cache: 'brace-expansion' => '/home/niedzwiedz/.cache/typescript/4.1/node_modules/@types/brace-expansion/index.d.ts'
[15:32:16.535] Adding entry into typings cache: 'braces' => '/home/niedzwiedz/.cache/typescript/4.1/node_modules/@types/braces/index.d.ts'
[15:32:16.537] Adding entry into typings cache: 'brorand' => '/home/niedzwiedz/.cache/typescript/4.1/node_modules/@types/brorand/index.d.ts'
[15:32:16.538] Adding entry into typings cache: 'browser-resolve' => '/home/niedzwiedz/.cache/typescript/4.1/node_modules/@types/browser-resolve/index.d.ts'
[15:32:16.539] Adding entry into typings cache: 'bser' => '/home/niedzwiedz/.cache/typescript/4.1/node_modules/@types/bser/index.d.ts'
[15:32:16.541] Adding entry into typings cache: 'buffer-from' => '/home/niedzwiedz/.cache/typescript/4.1/node_modules/@types/buffer-from/index.d.ts'
[15:32:16.542] Adding entry into typings cache: 'buffer-json' => '/home/niedzwiedz/.cache/typescript/4.1/node_modules/@types/buffer-json/index.d.ts'
[15:32:16.544] Adding entry into typings cache: 'buffer-xor' => '/home/niedzwiedz/.cache/typescript/4.1/node_modules/@types/buffer-xor/index.d.ts'
[15:32:16.545] Adding entry into typings cache: 'bytes' => '/home/niedzwiedz/.cache/typescript/4.1/node_modules/@types/bytes/index.d.ts'
[15:32:16.546] Adding entry into typings cache: 'cacache' => '/home/niedzwiedz/.cache/typescript/4.1/node_modules/@types/cacache/index.d.ts'
[15:32:16.547] Adding entry into typings cache: 'caniuse-api' => '/home/niedzwiedz/.cache/typescript/4.1/node_modules/@types/caniuse-api/index.d.ts'
[15:32:16.550] Adding entry into typings cache: 'caniuse-lite' => '/home/niedzwiedz/.cache/typescript/4.1/node_modules/@types/caniuse-lite/index.d.ts'
[15:32:16.551] Adding entry into typings cache: 'case-sensitive-paths-webpack-plugin' => '/home/niedzwiedz/.cache/typescript/4.1/node_modules/@types/case-sensitive-paths-webpack-plugin/index.d.ts'
[15:32:16.552] Adding entry into typings cache: 'caseless' => '/home/niedzwiedz/.cache/typescript/4.1/node_modules/@types/caseless/index.d.ts'
[15:32:16.554] Adding entry into typings cache: 'chardet' => '/home/niedzwiedz/.cache/typescript/4.1/node_modules/@types/chardet/index.d.ts'
[15:32:16.555] Adding entry into typings cache: 'check-types' => '/home/niedzwiedz/.cache/typescript/4.1/node_modules/@types/check-types/index.d.ts'
[15:32:16.556] Adding entry into typings cache: 'chownr' => '/home/niedzwiedz/.cache/typescript/4.1/node_modules/@types/chownr/index.d.ts'
[15:32:16.557] Adding entry into typings cache: 'ci-info' => '/home/niedzwiedz/.cache/typescript/4.1/node_modules/@types/ci-info/index.d.ts'
[15:32:16.558] Adding entry into typings cache: 'cipher-base' => '/home/niedzwiedz/.cache/typescript/4.1/node_modules/@types/cipher-base/index.d.ts'
[15:32:16.559] Adding entry into typings cache: 'clean-css' => '/home/niedzwiedz/.cache/typescript/4.1/node_modules/@types/clean-css/index.d.ts'
[15:32:16.560] Adding entry into typings cache: 'cli-spinners' => '/home/niedzwiedz/.cache/typescript/4.1/node_modules/@types/cli-spinners/index.d.ts'
[15:32:16.561] Adding entry into typings cache: 'clone' => '/home/niedzwiedz/.cache/typescript/4.1/node_modules/@types/clone/index.d.ts'
[15:32:16.562] Adding entry into typings cache: 'clone-deep' => '/home/niedzwiedz/.cache/typescript/4.1/node_modules/@types/clone-deep/index.d.ts'
[15:32:16.563] Adding entry into typings cache: 'co' => '/home/niedzwiedz/.cache/typescript/4.1/node_modules/@types/co/index.d.ts'
[15:32:16.564] Adding entry into typings cache: 'color' => '/home/niedzwiedz/.cache/typescript/4.1/node_modules/@types/color/index.d.ts'
[15:32:16.569] Adding entry into typings cache: 'color-convert' => '/home/niedzwiedz/.cache/typescript/4.1/node_modules/@types/color-convert/index.d.ts'
[15:32:16.571] Adding entry into typings cache: 'color-name' => '/home/niedzwiedz/.cache/typescript/4.1/node_modules/@types/color-name/index.d.ts'
[15:32:16.572] Adding entry into typings cache: 'color-string' => '/home/niedzwiedz/.cache/typescript/4.1/node_modules/@types/color-string/index.d.ts'
[15:32:16.575] Adding entry into typings cache: 'combined-stream' => '/home/niedzwiedz/.cache/typescript/4.1/node_modules/@types/combined-stream/index.d.ts'
[15:32:16.576] Adding entry into typings cache: 'common-tags' => '/home/niedzwiedz/.cache/typescript/4.1/node_modules/@types/common-tags/index.d.ts'
[15:32:16.577] Adding entry into typings cache: 'commondir' => '/home/niedzwiedz/.cache/typescript/4.1/node_modules/@types/commondir/index.d.ts'
[15:32:16.581] Adding entry into typings cache: 'component-emitter' => '/home/niedzwiedz/.cache/typescript/4.1/node_modules/@types/component-emitter/index.d.ts'
[15:32:16.583] Adding entry into typings cache: 'compressible' => '/home/niedzwiedz/.cache/typescript/4.1/node_modules/@types/compressible/index.d.ts'
[15:32:16.584] Adding entry into typings cache: 'compression' => '/home/niedzwiedz/.cache/typescript/4.1/node_modules/@types/compression/index.d.ts'
[15:32:16.587] Adding entry into typings cache: 'concat-map' => '/home/niedzwiedz/.cache/typescript/4.1/node_modules/@types/concat-map/index.d.ts'
[15:32:16.588] Adding entry into typings cache: 'concat-stream' => '/home/niedzwiedz/.cache/typescript/4.1/node_modules/@types/concat-stream/index.d.ts'
[15:32:16.589] Adding entry into typings cache: 'connect-history-api-fallback' => '/home/niedzwiedz/.cache/typescript/4.1/node_modules/@types/connect-history-api-fallback/index.d.ts'
[15:32:16.590] Adding entry into typings cache: 'consolidate' => '/home/niedzwiedz/.cache/typescript/4.1/node_modules/@types/consolidate/index.d.ts'
[15:32:16.591] Adding entry into typings cache: 'content-disposition' => '/home/niedzwiedz/.cache/typescript/4.1/node_modules/@types/content-disposition/index.d.ts'
[15:32:16.592] Adding entry into typings cache: 'content-type' => '/home/niedzwiedz/.cache/typescript/4.1/node_modules/@types/content-type/index.d.ts'
[15:32:16.593] Adding entry into typings cache: 'convert-source-map' => '/home/niedzwiedz/.cache/typescript/4.1/node_modules/@types/convert-source-map/index.d.ts'
[15:32:16.594] Adding entry into typings cache: 'cookie' => '/home/niedzwiedz/.cache/typescript/4.1/node_modules/@types/cookie/index.d.ts'
[15:32:16.595] Adding entry into typings cache: 'cookie-signature' => '/home/niedzwiedz/.cache/typescript/4.1/node_modules/@types/cookie-signature/index.d.ts'
[15:32:16.596] Adding entry into typings cache: 'copy-webpack-plugin' => '/home/niedzwiedz/.cache/typescript/4.1/node_modules/@types/copy-webpack-plugin/index.d.ts'
[15:32:16.597] Adding entry into typings cache: 'core-js' => '/home/niedzwiedz/.cache/typescript/4.1/node_modules/@types/core-js/index.d.ts'
[15:32:16.598] Adding entry into typings cache: 'create-hash' => '/home/niedzwiedz/.cache/typescript/4.1/node_modules/@types/create-hash/index.d.ts'
[15:32:16.599] Adding entry into typings cache: 'create-hmac' => '/home/niedzwiedz/.cache/typescript/4.1/node_modules/@types/create-hmac/index.d.ts'
[15:32:16.600] Adding entry into typings cache: 'cross-spawn' => '/home/niedzwiedz/.cache/typescript/4.1/node_modules/@types/cross-spawn/index.d.ts'
[15:32:16.601] Adding entry into typings cache: 'css' => '/home/niedzwiedz/.cache/typescript/4.1/node_modules/@types/css/index.d.ts'
[15:32:16.601] Adding entry into typings cache: 'css-declaration-sorter' => '/home/niedzwiedz/.cache/typescript/4.1/node_modules/@types/css-declaration-sorter/index.d.ts'
[15:32:16.602] Adding entry into typings cache: 'css-tree' => '/home/niedzwiedz/.cache/typescript/4.1/node_modules/@types/css-tree/index.d.ts'
[15:32:16.603] Adding entry into typings cache: 'cssesc' => '/home/niedzwiedz/.cache/typescript/4.1/node_modules/@types/cssesc/index.d.ts'
[15:32:16.604] Adding entry into typings cache: 'cssnano' => '/home/niedzwiedz/.cache/typescript/4.1/node_modules/@types/cssnano/index.d.ts'
[15:32:16.605] Adding entry into typings cache: 'csso' => '/home/niedzwiedz/.cache/typescript/4.1/node_modules/@types/csso/index.d.ts'
[15:32:16.605] Adding entry into typings cache: 'cssom' => '/home/niedzwiedz/.cache/typescript/4.1/node_modules/@types/cssom/index.d.ts'
[15:32:16.607] Adding entry into typings cache: 'cssstyle' => '/home/niedzwiedz/.cache/typescript/4.1/node_modules/@types/cssstyle/index.d.ts'
[15:32:16.608] Adding entry into typings cache: 'dashdash' => '/home/niedzwiedz/.cache/typescript/4.1/node_modules/@types/dashdash/index.d.ts'
[15:32:16.609] Adding entry into typings cache: 'data-urls' => '/home/niedzwiedz/.cache/typescript/4.1/node_modules/@types/data-urls/index.d.ts'
[15:32:16.610] Adding entry into typings cache: 'deasync' => '/home/niedzwiedz/.cache/typescript/4.1/node_modules/@types/deasync/index.d.ts'
[15:32:16.612] Adding entry into typings cache: 'debug' => '/home/niedzwiedz/.cache/typescript/4.1/node_modules/@types/debug/index.d.ts'
[15:32:16.615] Adding entry into typings cache: 'decode-uri-component' => '/home/niedzwiedz/.cache/typescript/4.1/node_modules/@types/decode-uri-component/index.d.ts'
[15:32:16.616] Adding entry into typings cache: 'deep-equal' => '/home/niedzwiedz/.cache/typescript/4.1/node_modules/@types/deep-equal/index.d.ts'
[15:32:16.617] Adding entry into typings cache: 'default-gateway' => '/home/niedzwiedz/.cache/typescript/4.1/node_modules/@types/default-gateway/index.d.ts'
[15:32:16.618] Adding entry into typings cache: 'defaults' => '/home/niedzwiedz/.cache/typescript/4.1/node_modules/@types/defaults/index.d.ts'
[15:32:16.618] Adding entry into typings cache: 'define-properties' => '/home/niedzwiedz/.cache/typescript/4.1/node_modules/@types/define-properties/index.d.ts'
[15:32:16.619] Adding entry into typings cache: 'depd' => '/home/niedzwiedz/.cache/typescript/4.1/node_modules/@types/depd/index.d.ts'
[15:32:16.620] Adding entry into typings cache: 'destroy' => '/home/niedzwiedz/.cache/typescript/4.1/node_modules/@types/destroy/index.d.ts'
[15:32:16.620] Adding entry into typings cache: 'detect-node' => '/home/niedzwiedz/.cache/typescript/4.1/node_modules/@types/detect-node/index.d.ts'
[15:32:16.621] Adding entry into typings cache: 'diff' => '/home/niedzwiedz/.cache/typescript/4.1/node_modules/@types/diff/index.d.ts'
[15:32:16.622] Adding entry into typings cache: 'diffie-hellman' => '/home/niedzwiedz/.cache/typescript/4.1/node_modules/@types/diffie-hellman/index.d.ts'
[15:32:16.623] Adding entry into typings cache: 'dir-glob' => '/home/niedzwiedz/.cache/typescript/4.1/node_modules/@types/dir-glob/index.d.ts'
[15:32:16.623] Adding entry into typings cache: 'doctrine' => '/home/niedzwiedz/.cache/typescript/4.1/node_modules/@types/doctrine/index.d.ts'
[15:32:16.624] Adding entry into typings cache: 'domexception' => '/home/niedzwiedz/.cache/typescript/4.1/node_modules/@types/domexception/index.d.ts'
[15:32:16.625] Adding entry into typings cache: 'domhandler' => '/home/niedzwiedz/.cache/typescript/4.1/node_modules/@types/domhandler/index.d.ts'
[15:32:16.626] Adding entry into typings cache: 'domutils' => '/home/niedzwiedz/.cache/typescript/4.1/node_modules/@types/domutils/index.d.ts'
[15:32:16.627] Adding entry into typings cache: 'duplexify' => '/home/niedzwiedz/.cache/typescript/4.1/node_modules/@types/duplexify/index.d.ts'
[15:32:16.628] Adding entry into typings cache: 'ee-first' => '/home/niedzwiedz/.cache/typescript/4.1/node_modules/@types/ee-first/index.d.ts'
[15:32:16.629] Adding entry into typings cache: 'ejs' => '/home/niedzwiedz/.cache/typescript/4.1/node_modules/@types/ejs/index.d.ts'
[15:32:16.630] Adding entry into typings cache: 'elliptic' => '/home/niedzwiedz/.cache/typescript/4.1/node_modules/@types/elliptic/index.d.ts'
[15:32:16.632] Adding entry into typings cache: 'encodeurl' => '/home/niedzwiedz/.cache/typescript/4.1/node_modules/@types/encodeurl/index.d.ts'
[15:32:16.633] Adding entry into typings cache: 'end-of-stream' => '/home/niedzwiedz/.cache/typescript/4.1/node_modules/@types/end-of-stream/index.d.ts'
[15:32:16.634] Adding entry into typings cache: 'enhanced-resolve' => '/home/niedzwiedz/.cache/typescript/4.1/node_modules/enhanced-resolve/types.d.ts'
[15:32:16.634] Adding entry into typings cache: 'es-abstract' => '/home/niedzwiedz/.cache/typescript/4.1/node_modules/@types/es-abstract/index.d.ts'
[15:32:16.635] Adding entry into typings cache: 'es-to-primitive' => '/home/niedzwiedz/.cache/typescript/4.1/node_modules/@types/es-to-primitive/index.d.ts'
[15:32:16.636] Adding entry into typings cache: 'escape-html' => '/home/niedzwiedz/.cache/typescript/4.1/node_modules/@types/escape-html/index.d.ts'
[15:32:16.637] Adding entry into typings cache: 'escodegen' => '/home/niedzwiedz/.cache/typescript/4.1/node_modules/@types/escodegen/index.d.ts'
[15:32:16.638] Adding entry into typings cache: 'eslint' => '/home/niedzwiedz/.cache/typescript/4.1/node_modules/@types/eslint/index.d.ts'
[15:32:16.640] Adding entry into typings cache: 'eslint-scope' => '/home/niedzwiedz/.cache/typescript/4.1/node_modules/@types/eslint-scope/index.d.ts'
[15:32:16.641] Adding entry into typings cache: 'eslint-visitor-keys' => '/home/niedzwiedz/.cache/typescript/4.1/node_modules/@types/eslint-visitor-keys/index.d.ts'
[15:32:16.642] Adding entry into typings cache: 'esprima' => '/home/niedzwiedz/.cache/typescript/4.1/node_modules/@types/esprima/index.d.ts'
[15:32:16.644] Adding entry into typings cache: 'esquery' => '/home/niedzwiedz/.cache/typescript/4.1/node_modules/@types/esquery/index.d.ts'
[15:32:16.645] Adding entry into typings cache: 'estraverse' => '/home/niedzwiedz/.cache/typescript/4.1/node_modules/@types/estraverse/index.d.ts'
[15:32:16.646] Adding entry into typings cache: 'etag' => '/home/niedzwiedz/.cache/typescript/4.1/node_modules/@types/etag/index.d.ts'
[15:32:16.648] Adding entry into typings cache: 'events' => '/home/niedzwiedz/.cache/typescript/4.1/node_modules/@types/events/index.d.ts'
[15:32:16.649] Adding entry into typings cache: 'eventsource' => '/home/niedzwiedz/.cache/typescript/4.1/node_modules/@types/eventsource/index.d.ts'
[15:32:16.649] Adding entry into typings cache: 'exit' => '/home/niedzwiedz/.cache/typescript/4.1/node_modules/@types/exit/index.d.ts'
[15:32:16.650] Adding entry into typings cache: 'express' => '/home/niedzwiedz/.cache/typescript/4.1/node_modules/@types/express/index.d.ts'
[15:32:16.651] Adding entry into typings cache: 'extend' => '/home/niedzwiedz/.cache/typescript/4.1/node_modules/@types/extend/index.d.ts'
[15:32:16.652] Adding entry into typings cache: 'extsprintf' => '/home/niedzwiedz/.cache/typescript/4.1/node_modules/@types/extsprintf/index.d.ts'
[15:32:16.653] Adding entry into typings cache: 'fast-levenshtein' => '/home/niedzwiedz/.cache/typescript/4.1/node_modules/@types/fast-levenshtein/index.d.ts'
[15:32:16.654] Adding entry into typings cache: 'fb-watchman' => '/home/niedzwiedz/.cache/typescript/4.1/node_modules/@types/fb-watchman/index.d.ts'
[15:32:16.654] Adding entry into typings cache: 'file-entry-cache' => '/home/niedzwiedz/.cache/typescript/4.1/node_modules/@types/file-entry-cache/index.d.ts'
[15:32:16.655] Adding entry into typings cache: 'file-loader' => '/home/niedzwiedz/.cache/typescript/4.1/node_modules/@types/file-loader/index.d.ts'
[15:32:16.656] Adding entry into typings cache: 'finalhandler' => '/home/niedzwiedz/.cache/typescript/4.1/node_modules/@types/finalhandler/index.d.ts'
[15:32:16.657] Adding entry into typings cache: 'find-cache-dir' => '/home/niedzwiedz/.cache/typescript/4.1/node_modules/@types/find-cache-dir/index.d.ts'
[15:32:16.657] Adding entry into typings cache: 'flat-cache' => '/home/niedzwiedz/.cache/typescript/4.1/node_modules/@types/flat-cache/index.d.ts'
[15:32:16.658] Adding entry into typings cache: 'flush-write-stream' => '/home/niedzwiedz/.cache/typescript/4.1/node_modules/@types/flush-write-stream/index.d.ts'
[15:32:16.659] Adding entry into typings cache: 'follow-redirects' => '/home/niedzwiedz/.cache/typescript/4.1/node_modules/@types/follow-redirects/index.d.ts'
[15:32:16.659] Adding entry into typings cache: 'forever-agent' => '/home/niedzwiedz/.cache/typescript/4.1/node_modules/@types/forever-agent/index.d.ts'
[15:32:16.660] Adding entry into typings cache: 'forwarded' => '/home/niedzwiedz/.cache/typescript/4.1/node_modules/@types/forwarded/index.d.ts'
[15:32:16.661] Adding entry into typings cache: 'fresh' => '/home/niedzwiedz/.cache/typescript/4.1/node_modules/@types/fresh/index.d.ts'
[15:32:16.661] Adding entry into typings cache: 'from2' => '/home/niedzwiedz/.cache/typescript/4.1/node_modules/@types/from2/index.d.ts'
[15:32:16.662] Adding entry into typings cache: 'fs-extra' => '/home/niedzwiedz/.cache/typescript/4.1/node_modules/@types/fs-extra/index.d.ts'
[15:32:16.663] Adding entry into typings cache: 'function-bind' => '/home/niedzwiedz/.cache/typescript/4.1/node_modules/@types/function-bind/index.d.ts'
[15:32:16.663] Adding entry into typings cache: 'get-caller-file' => '/home/niedzwiedz/.cache/typescript/4.1/node_modules/@types/get-caller-file/index.d.ts'
[15:32:16.665] Adding entry into typings cache: 'get-value' => '/home/niedzwiedz/.cache/typescript/4.1/node_modules/@types/get-value/index.d.ts'
[15:32:16.665] Adding entry into typings cache: 'getpass' => '/home/niedzwiedz/.cache/typescript/4.1/node_modules/@types/getpass/index.d.ts'
[15:32:16.666] Adding entry into typings cache: 'glob' => '/home/niedzwiedz/.cache/typescript/4.1/node_modules/@types/glob/index.d.ts'
[15:32:16.667] Adding entry into typings cache: 'glob-parent' => '/home/niedzwiedz/.cache/typescript/4.1/node_modules/@types/glob-parent/index.d.ts'
[15:32:16.668] Adding entry into typings cache: 'glob-to-regexp' => '/home/niedzwiedz/.cache/typescript/4.1/node_modules/@types/glob-to-regexp/index.d.ts'
[15:32:16.670] Adding entry into typings cache: 'graceful-fs' => '/home/niedzwiedz/.cache/typescript/4.1/node_modules/@types/graceful-fs/index.d.ts'
[15:32:16.670] Adding entry into typings cache: 'has' => '/home/niedzwiedz/.cache/typescript/4.1/node_modules/@types/has/index.d.ts'
[15:32:16.671] Adding entry into typings cache: 'has-ansi' => '/home/niedzwiedz/.cache/typescript/4.1/node_modules/@types/has-ansi/index.d.ts'
[15:32:16.672] Adding entry into typings cache: 'has-symbols' => '/home/niedzwiedz/.cache/typescript/4.1/node_modules/@types/has-symbols/index.d.ts'
[15:32:16.673] Adding entry into typings cache: 'hash-sum' => '/home/niedzwiedz/.cache/typescript/4.1/node_modules/@types/hash-sum/index.d.ts'
[15:32:16.674] Adding entry into typings cache: 'he' => '/home/niedzwiedz/.cache/typescript/4.1/node_modules/@types/he/index.d.ts'
[15:32:16.674] Adding entry into typings cache: 'hex-color-regex' => '/home/niedzwiedz/.cache/typescript/4.1/node_modules/@types/hex-color-regex/index.d.ts'
[15:32:16.675] Adding entry into typings cache: 'hosted-git-info' => '/home/niedzwiedz/.cache/typescript/4.1/node_modules/@types/hosted-git-info/index.d.ts'
[15:32:16.676] Adding entry into typings cache: 'html-encoding-sniffer' => '/home/niedzwiedz/.cache/typescript/4.1/node_modules/@types/html-encoding-sniffer/index.d.ts'
[15:32:16.676] Adding entry into typings cache: 'html-escaper' => '/home/niedzwiedz/.cache/typescript/4.1/node_modules/@types/html-escaper/index.d.ts'
[15:32:16.677] Adding entry into typings cache: 'html-minifier' => '/home/niedzwiedz/.cache/typescript/4.1/node_modules/@types/html-minifier/index.d.ts'
[15:32:16.678] Adding entry into typings cache: 'html-webpack-plugin' => '/home/niedzwiedz/.cache/typescript/4.1/node_modules/@types/html-webpack-plugin/index.d.ts'
[15:32:16.678] Adding entry into typings cache: 'htmlparser2' => '/home/niedzwiedz/.cache/typescript/4.1/node_modules/@types/htmlparser2/index.d.ts'
[15:32:16.679] Adding entry into typings cache: 'http-errors' => '/home/niedzwiedz/.cache/typescript/4.1/node_modules/@types/http-errors/index.d.ts'
[15:32:16.680] Adding entry into typings cache: 'http-proxy' => '/home/niedzwiedz/.cache/typescript/4.1/node_modules/@types/http-proxy/index.d.ts'
[15:32:16.680] Adding entry into typings cache: 'http-proxy-middleware' => '/home/niedzwiedz/.cache/typescript/4.1/node_modules/@types/http-proxy-middleware/index.d.ts'
[15:32:16.681] Adding entry into typings cache: 'icss-utils' => '/home/niedzwiedz/.cache/typescript/4.1/node_modules/@types/icss-utils/index.d.ts'
[15:32:16.683] Adding entry into typings cache: 'iferr' => '/home/niedzwiedz/.cache/typescript/4.1/node_modules/@types/iferr/index.d.ts'
[15:32:16.684] Adding entry into typings cache: 'imurmurhash' => '/home/niedzwiedz/.cache/typescript/4.1/node_modules/@types/imurmurhash/index.d.ts'
[15:32:16.685] Adding entry into typings cache: 'inherits' => '/home/niedzwiedz/.cache/typescript/4.1/node_modules/@types/inherits/index.d.ts'
[15:32:16.686] Adding entry into typings cache: 'ini' => '/home/niedzwiedz/.cache/typescript/4.1/node_modules/@types/ini/index.d.ts'
[15:32:16.687] Adding entry into typings cache: 'inquirer' => '/home/niedzwiedz/.cache/typescript/4.1/node_modules/@types/inquirer/index.d.ts'
[15:32:16.688] Adding entry into typings cache: 'invariant' => '/home/niedzwiedz/.cache/typescript/4.1/node_modules/@types/invariant/index.d.ts'
[15:32:16.689] Adding entry into typings cache: 'ip' => '/home/niedzwiedz/.cache/typescript/4.1/node_modules/@types/ip/index.d.ts'
[15:32:16.689] Adding entry into typings cache: 'is-arguments' => '/home/niedzwiedz/.cache/typescript/4.1/node_modules/@types/is-arguments/index.d.ts'
[15:32:16.691] Adding entry into typings cache: 'is-buffer' => '/home/niedzwiedz/.cache/typescript/4.1/node_modules/@types/is-buffer/index.d.ts'
[15:32:16.694] Adding entry into typings cache: 'is-callable' => '/home/niedzwiedz/.cache/typescript/4.1/node_modules/@types/is-callable/index.d.ts'
[15:32:16.695] Adding entry into typings cache: 'is-ci' => '/home/niedzwiedz/.cache/typescript/4.1/node_modules/@types/is-ci/index.d.ts'
[15:32:16.696] Adding entry into typings cache: 'is-core-module' => '/home/niedzwiedz/.cache/typescript/4.1/node_modules/@types/is-core-module/index.d.ts'
[15:32:16.696] Adding entry into typings cache: 'is-date-object' => '/home/niedzwiedz/.cache/typescript/4.1/node_modules/@types/is-date-object/index.d.ts'
[15:32:16.698] Adding entry into typings cache: 'is-glob' => '/home/niedzwiedz/.cache/typescript/4.1/node_modules/@types/is-glob/index.d.ts'
[15:32:16.699] Adding entry into typings cache: 'is-number' => '/home/niedzwiedz/.cache/typescript/4.1/node_modules/@types/is-number/index.d.ts'
[15:32:16.700] Adding entry into typings cache: 'is-regex' => '/home/niedzwiedz/.cache/typescript/4.1/node_modules/@types/is-regex/index.d.ts'
[15:32:16.701] Adding entry into typings cache: 'is-typedarray' => '/home/niedzwiedz/.cache/typescript/4.1/node_modules/@types/is-typedarray/index.d.ts'
[15:32:16.702] Adding entry into typings cache: 'is-windows' => '/home/niedzwiedz/.cache/typescript/4.1/node_modules/@types/is-windows/index.d.ts'
[15:32:16.703] Adding entry into typings cache: 'isarray' => '/home/niedzwiedz/.cache/typescript/4.1/node_modules/@types/isarray/index.d.ts'
[15:32:16.704] Adding entry into typings cache: 'isexe' => '/home/niedzwiedz/.cache/typescript/4.1/node_modules/@types/isexe/index.d.ts'
[15:32:16.704] Adding entry into typings cache: 'isstream' => '/home/niedzwiedz/.cache/typescript/4.1/node_modules/@types/isstream/index.d.ts'
[15:32:16.705] Adding entry into typings cache: 'istanbul-lib-coverage' => '/home/niedzwiedz/.cache/typescript/4.1/node_modules/@types/istanbul-lib-coverage/index.d.ts'
[15:32:16.706] Adding entry into typings cache: 'istanbul-lib-instrument' => '/home/niedzwiedz/.cache/typescript/4.1/node_modules/@types/istanbul-lib-instrument/index.d.ts'
[15:32:16.707] Adding entry into typings cache: 'istanbul-lib-report' => '/home/niedzwiedz/.cache/typescript/4.1/node_modules/@types/istanbul-lib-report/index.d.ts'
[15:32:16.707] Adding entry into typings cache: 'istanbul-lib-source-maps' => '/home/niedzwiedz/.cache/typescript/4.1/node_modules/@types/istanbul-lib-source-maps/index.d.ts'
[15:32:16.708] Adding entry into typings cache: 'istanbul-reports' => '/home/niedzwiedz/.cache/typescript/4.1/node_modules/@types/istanbul-reports/index.d.ts'
[15:32:16.708] Adding entry into typings cache: 'js-beautify' => '/home/niedzwiedz/.cache/typescript/4.1/node_modules/@types/js-beautify/index.d.ts'
[15:32:16.709] Adding entry into typings cache: 'js-yaml' => '/home/niedzwiedz/.cache/typescript/4.1/node_modules/@types/js-yaml/index.d.ts'
[15:32:16.710] Adding entry into typings cache: 'jsbn' => '/home/niedzwiedz/.cache/typescript/4.1/node_modules/@types/jsbn/index.d.ts'
[15:32:16.710] Adding entry into typings cache: 'jsdom' => '/home/niedzwiedz/.cache/typescript/4.1/node_modules/@types/jsdom/index.d.ts'
[15:32:16.712] Adding entry into typings cache: 'jsesc' => '/home/niedzwiedz/.cache/typescript/4.1/node_modules/@types/jsesc/index.d.ts'
[15:32:16.713] Adding entry into typings cache: 'json-parse-better-errors' => '/home/niedzwiedz/.cache/typescript/4.1/node_modules/@types/json-parse-better-errors/index.d.ts'
[15:32:16.714] Adding entry into typings cache: 'json-schema' => '/home/niedzwiedz/.cache/typescript/4.1/node_modules/@types/json-schema/index.d.ts'
[15:32:16.714] Adding entry into typings cache: 'json-schema-traverse' => '/home/niedzwiedz/.cache/typescript/4.1/node_modules/json-schema-traverse/index.d.ts'
[15:32:16.715] Adding entry into typings cache: 'json-stable-stringify' => '/home/niedzwiedz/.cache/typescript/4.1/node_modules/@types/json-stable-stringify/index.d.ts'
[15:32:16.715] Adding entry into typings cache: 'json-stringify-safe' => '/home/niedzwiedz/.cache/typescript/4.1/node_modules/@types/json-stringify-safe/index.d.ts'
[15:32:16.716] Adding entry into typings cache: 'json3' => '/home/niedzwiedz/.cache/typescript/4.1/node_modules/@types/json3/index.d.ts'
[15:32:16.717] Adding entry into typings cache: 'json5' => '/home/niedzwiedz/.cache/typescript/4.1/node_modules/@types/json5/index.d.ts'
[15:32:16.718] Adding entry into typings cache: 'jsonfile' => '/home/niedzwiedz/.cache/typescript/4.1/node_modules/@types/jsonfile/index.d.ts'
[15:32:16.720] Adding entry into typings cache: 'kind-of' => '/home/niedzwiedz/.cache/typescript/4.1/node_modules/@types/kind-of/index.d.ts'
[15:32:16.722] Adding entry into typings cache: 'loader-runner' => '/home/niedzwiedz/.cache/typescript/4.1/node_modules/@types/loader-runner/index.d.ts'
[15:32:16.722] Adding entry into typings cache: 'loader-utils' => '/home/niedzwiedz/.cache/typescript/4.1/node_modules/@types/loader-utils/index.d.ts'
[15:32:16.723] Adding entry into typings cache: 'lodash' => '/home/niedzwiedz/.cache/typescript/4.1/node_modules/@types/lodash/index.d.ts'
[15:32:16.724] Adding entry into typings cache: 'lodash.camelcase' => '/home/niedzwiedz/.cache/typescript/4.1/node_modules/@types/lodash.camelcase/index.d.ts'
[15:32:16.725] Adding entry into typings cache: 'lodash.defaultsdeep' => '/home/niedzwiedz/.cache/typescript/4.1/node_modules/@types/lodash.defaultsdeep/index.d.ts'
[15:32:16.725] Adding entry into typings cache: 'lodash.kebabcase' => '/home/niedzwiedz/.cache/typescript/4.1/node_modules/@types/lodash.kebabcase/index.d.ts'
[15:32:16.726] Adding entry into typings cache: 'lodash.mapvalues' => '/home/niedzwiedz/.cache/typescript/4.1/node_modules/@types/lodash.mapvalues/index.d.ts'
[15:32:16.727] Adding entry into typings cache: 'lodash.memoize' => '/home/niedzwiedz/.cache/typescript/4.1/node_modules/@types/lodash.memoize/index.d.ts'
[15:32:16.727] Adding entry into typings cache: 'lodash.sortby' => '/home/niedzwiedz/.cache/typescript/4.1/node_modules/@types/lodash.sortby/index.d.ts'
[15:32:16.728] Adding entry into typings cache: 'lodash.template' => '/home/niedzwiedz/.cache/typescript/4.1/node_modules/@types/lodash.template/index.d.ts'
[15:32:16.728] Adding entry into typings cache: 'lodash.transform' => '/home/niedzwiedz/.cache/typescript/4.1/node_modules/@types/lodash.transform/index.d.ts'
[15:32:16.729] Adding entry into typings cache: 'lodash.uniq' => '/home/niedzwiedz/.cache/typescript/4.1/node_modules/@types/lodash.uniq/index.d.ts'
[15:32:16.730] Adding entry into typings cache: 'lru-cache' => '/home/niedzwiedz/.cache/typescript/4.1/node_modules/@types/lru-cache/index.d.ts'
[15:32:16.731] Adding entry into typings cache: 'media-typer' => '/home/niedzwiedz/.cache/typescript/4.1/node_modules/@types/media-typer/index.d.ts'
[15:32:16.731] Adding entry into typings cache: 'memory-fs' => '/home/niedzwiedz/.cache/typescript/4.1/node_modules/@types/memory-fs/index.d.ts'
[15:32:16.732] Adding entry into typings cache: 'merge-descriptors' => '/home/niedzwiedz/.cache/typescript/4.1/node_modules/@types/merge-descriptors/index.d.ts'
[15:32:16.733] Adding entry into typings cache: 'merge-stream' => '/home/niedzwiedz/.cache/typescript/4.1/node_modules/@types/merge-stream/index.d.ts'
[15:32:16.734] Adding entry into typings cache: 'merge2' => '/home/niedzwiedz/.cache/typescript/4.1/node_modules/@types/merge2/index.d.ts'
[15:32:16.734] Adding entry into typings cache: 'methods' => '/home/niedzwiedz/.cache/typescript/4.1/node_modules/@types/methods/index.d.ts'
[15:32:16.735] Adding entry into typings cache: 'micromatch' => '/home/niedzwiedz/.cache/typescript/4.1/node_modules/@types/micromatch/index.d.ts'
[15:32:16.736] Adding entry into typings cache: 'mime' => '/home/niedzwiedz/.cache/typescript/4.1/node_modules/@types/mime/index.d.ts'
[15:32:16.737] Adding entry into typings cache: 'mime-db' => '/home/niedzwiedz/.cache/typescript/4.1/node_modules/@types/mime-db/index.d.ts'
[15:32:16.738] Adding entry into typings cache: 'mime-types' => '/home/niedzwiedz/.cache/typescript/4.1/node_modules/@types/mime-types/index.d.ts'
[15:32:16.739] Adding entry into typings cache: 'mini-css-extract-plugin' => '/home/niedzwiedz/.cache/typescript/4.1/node_modules/@types/mini-css-extract-plugin/index.d.ts'
[15:32:16.739] Adding entry into typings cache: 'minimalistic-assert' => '/home/niedzwiedz/.cache/typescript/4.1/node_modules/@types/minimalistic-assert/index.d.ts'
[15:32:16.740] Adding entry into typings cache: 'minimatch' => '/home/niedzwiedz/.cache/typescript/4.1/node_modules/@types/minimatch/index.d.ts'
[15:32:16.740] Adding entry into typings cache: 'minimist' => '/home/niedzwiedz/.cache/typescript/4.1/node_modules/@types/minimist/index.d.ts'
[15:32:16.741] Adding entry into typings cache: 'minipass' => '/home/niedzwiedz/.cache/typescript/4.1/node_modules/@types/minipass/index.d.ts'
[15:32:16.742] Adding entry into typings cache: 'mkdirp' => '/home/niedzwiedz/.cache/typescript/4.1/node_modules/@types/mkdirp/index.d.ts'
[15:32:16.742] Adding entry into typings cache: 'move-concurrently' => '/home/niedzwiedz/.cache/typescript/4.1/node_modules/@types/move-concurrently/index.d.ts'
[15:32:16.743] Adding entry into typings cache: 'ms' => '/home/niedzwiedz/.cache/typescript/4.1/node_modules/@types/ms/index.d.ts'
[15:32:16.744] Adding entry into typings cache: 'mute-stream' => '/home/niedzwiedz/.cache/typescript/4.1/node_modules/@types/mute-stream/index.d.ts'
[15:32:16.745] Adding entry into typings cache: 'mz' => '/home/niedzwiedz/.cache/typescript/4.1/node_modules/@types/mz/index.d.ts'
[15:32:16.746] Adding entry into typings cache: 'natural-compare' => '/home/niedzwiedz/.cache/typescript/4.1/node_modules/@types/natural-compare/index.d.ts'
[15:32:16.746] Adding entry into typings cache: 'negotiator' => '/home/niedzwiedz/.cache/typescript/4.1/node_modules/@types/negotiator/index.d.ts'
[15:32:16.747] Adding entry into typings cache: 'nice-try' => '/home/niedzwiedz/.cache/typescript/4.1/node_modules/@types/nice-try/index.d.ts'
[15:32:16.748] Adding entry into typings cache: 'node-forge' => '/home/niedzwiedz/.cache/typescript/4.1/node_modules/@types/node-forge/index.d.ts'
[15:32:16.749] Adding entry into typings cache: 'node-int64' => '/home/niedzwiedz/.cache/typescript/4.1/node_modules/@types/node-int64/index.d.ts'
[15:32:16.749] Adding entry into typings cache: 'node-ipc' => '/home/niedzwiedz/.cache/typescript/4.1/node_modules/@types/node-ipc/index.d.ts'
[15:32:16.750] Adding entry into typings cache: 'node-notifier' => '/home/niedzwiedz/.cache/typescript/4.1/node_modules/@types/node-notifier/index.d.ts'
[15:32:16.751] Adding entry into typings cache: 'nopt' => '/home/niedzwiedz/.cache/typescript/4.1/node_modules/@types/nopt/index.d.ts'
[15:32:16.751] Adding entry into typings cache: 'normalize-package-data' => '/home/niedzwiedz/.cache/typescript/4.1/node_modules/@types/normalize-package-data/index.d.ts'
[15:32:16.752] Adding entry into typings cache: 'normalize-path' => '/home/niedzwiedz/.cache/typescript/4.1/node_modules/@types/normalize-path/index.d.ts'
[15:32:16.753] Adding entry into typings cache: 'num2fraction' => '/home/niedzwiedz/.cache/typescript/4.1/node_modules/@types/num2fraction/index.d.ts'
[15:32:16.754] Adding entry into typings cache: 'object-assign' => '/home/niedzwiedz/.cache/typescript/4.1/node_modules/@types/object-assign/index.d.ts'
[15:32:16.754] Adding entry into typings cache: 'object-hash' => '/home/niedzwiedz/.cache/typescript/4.1/node_modules/@types/object-hash/index.d.ts'
[15:32:16.755] Adding entry into typings cache: 'object-inspect' => '/home/niedzwiedz/.cache/typescript/4.1/node_modules/@types/object-inspect/index.d.ts'
[15:32:16.756] Adding entry into typings cache: 'object-keys' => '/home/niedzwiedz/.cache/typescript/4.1/node_modules/@types/object-keys/index.d.ts'
[15:32:16.756] Adding entry into typings cache: 'object.getownpropertydescriptors' => '/home/niedzwiedz/.cache/typescript/4.1/node_modules/@types/object.getownpropertydescriptors/index.d.ts'
[15:32:16.757] Adding entry into typings cache: 'object.pick' => '/home/niedzwiedz/.cache/typescript/4.1/node_modules/@types/object.pick/index.d.ts'
[15:32:16.758] Adding entry into typings cache: 'on-finished' => '/home/niedzwiedz/.cache/typescript/4.1/node_modules/@types/on-finished/index.d.ts'
[15:32:16.758] Adding entry into typings cache: 'on-headers' => '/home/niedzwiedz/.cache/typescript/4.1/node_modules/@types/on-headers/index.d.ts'
[15:32:16.759] Adding entry into typings cache: 'once' => '/home/niedzwiedz/.cache/typescript/4.1/node_modules/@types/once/index.d.ts'
[15:32:16.760] Adding entry into typings cache: 'opener' => '/home/niedzwiedz/.cache/typescript/4.1/node_modules/@types/opener/index.d.ts'
[15:32:16.760] Adding entry into typings cache: 'original' => '/home/niedzwiedz/.cache/typescript/4.1/node_modules/@types/original/index.d.ts'
[15:32:16.761] Adding entry into typings cache: 'os-tmpdir' => '/home/niedzwiedz/.cache/typescript/4.1/node_modules/@types/os-tmpdir/index.d.ts'
[15:32:16.761] Adding entry into typings cache: 'pako' => '/home/niedzwiedz/.cache/typescript/4.1/node_modules/@types/pako/index.d.ts'
[15:32:16.762] Adding entry into typings cache: 'parallel-transform' => '/home/niedzwiedz/.cache/typescript/4.1/node_modules/@types/parallel-transform/index.d.ts'
[15:32:16.763] Adding entry into typings cache: 'parse-json' => '/home/niedzwiedz/.cache/typescript/4.1/node_modules/@types/parse-json/index.d.ts'
[15:32:16.764] Adding entry into typings cache: 'parse5' => '/home/niedzwiedz/.cache/typescript/4.1/node_modules/@types/parse5/index.d.ts'
[15:32:16.764] Adding entry into typings cache: 'parse5-htmlparser2-tree-adapter' => '/home/niedzwiedz/.cache/typescript/4.1/node_modules/@types/parse5-htmlparser2-tree-adapter/index.d.ts'
[15:32:16.765] Adding entry into typings cache: 'parseurl' => '/home/niedzwiedz/.cache/typescript/4.1/node_modules/@types/parseurl/index.d.ts'
[15:32:16.766] Adding entry into typings cache: 'pascalcase' => '/home/niedzwiedz/.cache/typescript/4.1/node_modules/@types/pascalcase/index.d.ts'
[15:32:16.767] Adding entry into typings cache: 'path-is-absolute' => '/home/niedzwiedz/.cache/typescript/4.1/node_modules/@types/path-is-absolute/index.d.ts'
[15:32:16.767] Adding entry into typings cache: 'path-is-inside' => '/home/niedzwiedz/.cache/typescript/4.1/node_modules/@types/path-is-inside/index.d.ts'
[15:32:16.768] Adding entry into typings cache: 'path-parse' => '/home/niedzwiedz/.cache/typescript/4.1/node_modules/@types/path-parse/index.d.ts'
[15:32:16.768] Adding entry into typings cache: 'pbkdf2' => '/home/niedzwiedz/.cache/typescript/4.1/node_modules/@types/pbkdf2/index.d.ts'
[15:32:16.769] Adding entry into typings cache: 'picomatch' => '/home/niedzwiedz/.cache/typescript/4.1/node_modules/@types/picomatch/index.d.ts'
[15:32:16.770] Adding entry into typings cache: 'pify' => '/home/niedzwiedz/.cache/typescript/4.1/node_modules/@types/pify/index.d.ts'
[15:32:16.770] Adding entry into typings cache: 'pngjs' => '/home/niedzwiedz/.cache/typescript/4.1/node_modules/@types/pngjs/index.d.ts'
[15:32:16.771] Adding entry into typings cache: 'postcss-calc' => '/home/niedzwiedz/.cache/typescript/4.1/node_modules/@types/postcss-calc/index.d.ts'
[15:32:16.771] Adding entry into typings cache: 'postcss-load-config' => '/home/niedzwiedz/.cache/typescript/4.1/node_modules/@types/postcss-load-config/index.d.ts'
[15:32:16.772] Adding entry into typings cache: 'postcss-modules-extract-imports' => '/home/niedzwiedz/.cache/typescript/4.1/node_modules/@types/postcss-modules-extract-imports/index.d.ts'
[15:32:16.774] Adding entry into typings cache: 'postcss-modules-local-by-default' => '/home/niedzwiedz/.cache/typescript/4.1/node_modules/@types/postcss-modules-local-by-default/index.d.ts'
[15:32:16.774] Adding entry into typings cache: 'postcss-modules-scope' => '/home/niedzwiedz/.cache/typescript/4.1/node_modules/@types/postcss-modules-scope/index.d.ts'
[15:32:16.775] Adding entry into typings cache: 'postcss-modules-values' => '/home/niedzwiedz/.cache/typescript/4.1/node_modules/@types/postcss-modules-values/index.d.ts'
[15:32:16.775] Adding entry into typings cache: 'prelude-ls' => '/home/niedzwiedz/.cache/typescript/4.1/node_modules/@types/prelude-ls/index.d.ts'
[15:32:16.776] Adding entry into typings cache: 'prettier' => '/home/niedzwiedz/.cache/typescript/4.1/node_modules/@types/prettier/index.d.ts'
[15:32:16.777] Adding entry into typings cache: 'pretty' => '/home/niedzwiedz/.cache/typescript/4.1/node_modules/@types/pretty/index.d.ts'
[15:32:16.777] Adding entry into typings cache: 'progress' => '/home/niedzwiedz/.cache/typescript/4.1/node_modules/@types/progress/index.d.ts'
[15:32:16.778] Adding entry into typings cache: 'promise-inflight' => '/home/niedzwiedz/.cache/typescript/4.1/node_modules/@types/promise-inflight/index.d.ts'
[15:32:16.778] Adding entry into typings cache: 'prompts' => '/home/niedzwiedz/.cache/typescript/4.1/node_modules/@types/prompts/index.d.ts'
[15:32:16.779] Adding entry into typings cache: 'proxy-addr' => '/home/niedzwiedz/.cache/typescript/4.1/node_modules/@types/proxy-addr/index.d.ts'
[15:32:16.780] Adding entry into typings cache: 'psl' => '/home/niedzwiedz/.cache/typescript/4.1/node_modules/@types/psl/index.d.ts'
[15:32:16.780] Adding entry into typings cache: 'pump' => '/home/niedzwiedz/.cache/typescript/4.1/node_modules/@types/pump/index.d.ts'
[15:32:16.781] Adding entry into typings cache: 'pumpify' => '/home/niedzwiedz/.cache/typescript/4.1/node_modules/@types/pumpify/index.d.ts'
[15:32:16.783] Adding entry into typings cache: 'punycode' => '/home/niedzwiedz/.cache/typescript/4.1/node_modules/@types/punycode/index.d.ts'
[15:32:16.784] Adding entry into typings cache: 'pvutils' => '/home/niedzwiedz/.cache/typescript/4.1/node_modules/@types/pvutils/index.d.ts'
[15:32:16.785] Adding entry into typings cache: 'q' => '/home/niedzwiedz/.cache/typescript/4.1/node_modules/@types/q/index.d.ts'
[15:32:16.785] Adding entry into typings cache: 'qrcode' => '/home/niedzwiedz/.cache/typescript/4.1/node_modules/@types/qrcode/index.d.ts'
[15:32:16.786] Adding entry into typings cache: 'qs' => '/home/niedzwiedz/.cache/typescript/4.1/node_modules/@types/qs/index.d.ts'
[15:32:16.787] Adding entry into typings cache: 'querystringify' => '/home/niedzwiedz/.cache/typescript/4.1/node_modules/@types/querystringify/index.d.ts'
[15:32:16.788] Adding entry into typings cache: 'randombytes' => '/home/niedzwiedz/.cache/typescript/4.1/node_modules/@types/randombytes/index.d.ts'
[15:32:16.788] Adding entry into typings cache: 'range-parser' => '/home/niedzwiedz/.cache/typescript/4.1/node_modules/@types/range-parser/index.d.ts'
[15:32:16.789] Adding entry into typings cache: 'react-is' => '/home/niedzwiedz/.cache/typescript/4.1/node_modules/@types/react-is/index.d.ts'
[15:32:16.790] Adding entry into typings cache: 'readable-stream' => '/home/niedzwiedz/.cache/typescript/4.1/node_modules/@types/readable-stream/index.d.ts'
[15:32:16.791] Adding entry into typings cache: 'regenerator-runtime' => '/home/niedzwiedz/.cache/typescript/4.1/node_modules/@types/regenerator-runtime/index.d.ts'
[15:32:16.791] Adding entry into typings cache: 'relateurl' => '/home/niedzwiedz/.cache/typescript/4.1/node_modules/@types/relateurl/index.d.ts'
[15:32:16.793] Adding entry into typings cache: 'repeat-element' => '/home/niedzwiedz/.cache/typescript/4.1/node_modules/@types/repeat-element/index.d.ts'
[15:32:16.794] Adding entry into typings cache: 'repeat-string' => '/home/niedzwiedz/.cache/typescript/4.1/node_modules/@types/repeat-string/index.d.ts'
[15:32:16.794] Adding entry into typings cache: 'request' => '/home/niedzwiedz/.cache/typescript/4.1/node_modules/@types/request/index.d.ts'
[15:32:16.795] Adding entry into typings cache: 'request-promise-native' => '/home/niedzwiedz/.cache/typescript/4.1/node_modules/@types/request-promise-native/index.d.ts'
[15:32:16.796] Adding entry into typings cache: 'require-directory' => '/home/niedzwiedz/.cache/typescript/4.1/node_modules/@types/require-directory/index.d.ts'
[15:32:16.796] Adding entry into typings cache: 'requires-port' => '/home/niedzwiedz/.cache/typescript/4.1/node_modules/@types/requires-port/index.d.ts'
[15:32:16.797] Adding entry into typings cache: 'resolve' => '/home/niedzwiedz/.cache/typescript/4.1/node_modules/@types/resolve/index.d.ts'
[15:32:16.798] Adding entry into typings cache: 'retry' => '/home/niedzwiedz/.cache/typescript/4.1/node_modules/@types/retry/index.d.ts'
[15:32:16.798] Adding entry into typings cache: 'rimraf' => '/home/niedzwiedz/.cache/typescript/4.1/node_modules/@types/rimraf/index.d.ts'
[15:32:16.799] Adding entry into typings cache: 'ripemd160' => '/home/niedzwiedz/.cache/typescript/4.1/node_modules/@types/ripemd160/index.d.ts'
[15:32:16.800] Adding entry into typings cache: 'rsvp' => '/home/niedzwiedz/.cache/typescript/4.1/node_modules/@types/rsvp/index.d.ts'
[15:32:16.801] Adding entry into typings cache: 'safe-regex' => '/home/niedzwiedz/.cache/typescript/4.1/node_modules/@types/safe-regex/index.d.ts'
[15:32:16.802] Adding entry into typings cache: 'safer-buffer' => '/home/niedzwiedz/.cache/typescript/4.1/node_modules/@types/safer-buffer/index.d.ts'
[15:32:16.803] Adding entry into typings cache: 'sane' => '/home/niedzwiedz/.cache/typescript/4.1/node_modules/@types/sane/index.d.ts'
[15:32:16.803] Adding entry into typings cache: 'sass' => '/home/niedzwiedz/.cache/typescript/4.1/node_modules/@types/sass/index.d.ts'
[15:32:16.804] Adding entry into typings cache: 'sass-loader' => '/home/niedzwiedz/.cache/typescript/4.1/node_modules/@types/sass-loader/index.d.ts'
[15:32:16.805] Adding entry into typings cache: 'sax' => '/home/niedzwiedz/.cache/typescript/4.1/node_modules/@types/sax/index.d.ts'
[15:32:16.805] Adding entry into typings cache: 'semver' => '/home/niedzwiedz/.cache/typescript/4.1/node_modules/@types/semver/index.d.ts'
[15:32:16.806] Adding entry into typings cache: 'send' => '/home/niedzwiedz/.cache/typescript/4.1/node_modules/@types/send/index.d.ts'
[15:32:16.807] Adding entry into typings cache: 'serialize-javascript' => '/home/niedzwiedz/.cache/typescript/4.1/node_modules/@types/serialize-javascript/index.d.ts'
[15:32:16.808] Adding entry into typings cache: 'serve-index' => '/home/niedzwiedz/.cache/typescript/4.1/node_modules/@types/serve-index/index.d.ts'
[15:32:16.808] Adding entry into typings cache: 'serve-static' => '/home/niedzwiedz/.cache/typescript/4.1/node_modules/@types/serve-static/index.d.ts'
[15:32:16.810] Adding entry into typings cache: 'set-value' => '/home/niedzwiedz/.cache/typescript/4.1/node_modules/@types/set-value/index.d.ts'
[15:32:16.811] Adding entry into typings cache: 'setimmediate' => '/home/niedzwiedz/.cache/typescript/4.1/node_modules/@types/setimmediate/index.d.ts'
[15:32:16.811] Adding entry into typings cache: 'sha.js' => '/home/niedzwiedz/.cache/typescript/4.1/node_modules/@types/sha.js/index.d.ts'
[15:32:16.812] Adding entry into typings cache: 'shebang-command' => '/home/niedzwiedz/.cache/typescript/4.1/node_modules/@types/shebang-command/index.d.ts'
[15:32:16.813] Adding entry into typings cache: 'shell-quote' => '/home/niedzwiedz/.cache/typescript/4.1/node_modules/@types/shell-quote/index.d.ts'
[15:32:16.813] Adding entry into typings cache: 'sigmund' => '/home/niedzwiedz/.cache/typescript/4.1/node_modules/@types/sigmund/index.d.ts'
[15:32:16.814] Adding entry into typings cache: 'signal-exit' => '/home/niedzwiedz/.cache/typescript/4.1/node_modules/@types/signal-exit/index.d.ts'
[15:32:16.815] Adding entry into typings cache: 'slice-ansi' => '/home/niedzwiedz/.cache/typescript/4.1/node_modules/@types/slice-ansi/index.d.ts'
[15:32:16.815] Adding entry into typings cache: 'sockjs' => '/home/niedzwiedz/.cache/typescript/4.1/node_modules/@types/sockjs/index.d.ts'
[15:32:16.816] Adding entry into typings cache: 'sockjs-client' => '/home/niedzwiedz/.cache/typescript/4.1/node_modules/@types/sockjs-client/index.d.ts'
[15:32:16.817] Adding entry into typings cache: 'source-list-map' => '/home/niedzwiedz/.cache/typescript/4.1/node_modules/@types/source-list-map/index.d.ts'
[15:32:16.819] Adding entry into typings cache: 'source-map-support' => '/home/niedzwiedz/.cache/typescript/4.1/node_modules/@types/source-map-support/index.d.ts'
[15:32:16.819] Adding entry into typings cache: 'spdx-correct' => '/home/niedzwiedz/.cache/typescript/4.1/node_modules/@types/spdx-correct/index.d.ts'
[15:32:16.820] Adding entry into typings cache: 'spdx-expression-parse' => '/home/niedzwiedz/.cache/typescript/4.1/node_modules/@types/spdx-expression-parse/index.d.ts'
[15:32:16.821] Adding entry into typings cache: 'spdy' => '/home/niedzwiedz/.cache/typescript/4.1/node_modules/@types/spdy/index.d.ts'
[15:32:16.821] Adding entry into typings cache: 'sprintf' => '/home/niedzwiedz/.cache/typescript/4.1/node_modules/@types/sprintf/index.d.ts'
[15:32:16.822] Adding entry into typings cache: 'sprintf-js' => '/home/niedzwiedz/.cache/typescript/4.1/node_modules/@types/sprintf-js/index.d.ts'
[15:32:16.823] Adding entry into typings cache: 'sshpk' => '/home/niedzwiedz/.cache/typescript/4.1/node_modules/@types/sshpk/index.d.ts'
[15:32:16.823] Adding entry into typings cache: 'ssri' => '/home/niedzwiedz/.cache/typescript/4.1/node_modules/@types/ssri/index.d.ts'
[15:32:16.824] Adding entry into typings cache: 'stack-utils' => '/home/niedzwiedz/.cache/typescript/4.1/node_modules/@types/stack-utils/index.d.ts'
[15:32:16.825] Adding entry into typings cache: 'statuses' => '/home/niedzwiedz/.cache/typescript/4.1/node_modules/@types/statuses/index.d.ts'
[15:32:16.825] Adding entry into typings cache: 'stream-each' => '/home/niedzwiedz/.cache/typescript/4.1/node_modules/@types/stream-each/index.d.ts'
[15:32:16.826] Adding entry into typings cache: 'stream-shift' => '/home/niedzwiedz/.cache/typescript/4.1/node_modules/@types/stream-shift/index.d.ts'
[15:32:16.827] Adding entry into typings cache: 'strict-uri-encode' => '/home/niedzwiedz/.cache/typescript/4.1/node_modules/@types/strict-uri-encode/index.d.ts'
[15:32:16.828] Adding entry into typings cache: 'string-hash' => '/home/niedzwiedz/.cache/typescript/4.1/node_modules/@types/string-hash/index.d.ts'
[15:32:16.828] Adding entry into typings cache: 'stringify-object' => '/home/niedzwiedz/.cache/typescript/4.1/node_modules/@types/stringify-object/index.d.ts'
[15:32:16.829] Adding entry into typings cache: 'strip-comments' => '/home/niedzwiedz/.cache/typescript/4.1/node_modules/@types/strip-comments/index.d.ts'
[15:32:16.830] Adding entry into typings cache: 'supports-color' => '/home/niedzwiedz/.cache/typescript/4.1/node_modules/@types/supports-color/index.d.ts'
[15:32:16.831] Adding entry into typings cache: 'svg-tags' => '/home/niedzwiedz/.cache/typescript/4.1/node_modules/@types/svg-tags/index.d.ts'
[15:32:16.831] Adding entry into typings cache: 'svgo' => '/home/niedzwiedz/.cache/typescript/4.1/node_modules/@types/svgo/index.d.ts'
[15:32:16.832] Adding entry into typings cache: 'symbol-tree' => '/home/niedzwiedz/.cache/typescript/4.1/node_modules/@types/symbol-tree/index.d.ts'
[15:32:16.832] Adding entry into typings cache: 'table' => '/home/niedzwiedz/.cache/typescript/4.1/node_modules/@types/table/index.d.ts'
[15:32:16.833] Adding entry into typings cache: 'tapable' => '/home/niedzwiedz/.cache/typescript/4.1/node_modules/tapable/tapable.d.ts'
[15:32:16.834] Adding entry into typings cache: 'terser-webpack-plugin' => '/home/niedzwiedz/.cache/typescript/4.1/node_modules/@types/terser-webpack-plugin/index.d.ts'
[15:32:16.835] Adding entry into typings cache: 'text-table' => '/home/niedzwiedz/.cache/typescript/4.1/node_modules/@types/text-table/index.d.ts'
[15:32:16.836] Adding entry into typings cache: 'through' => '/home/niedzwiedz/.cache/typescript/4.1/node_modules/@types/through/index.d.ts'
[15:32:16.836] Adding entry into typings cache: 'through2' => '/home/niedzwiedz/.cache/typescript/4.1/node_modules/@types/through2/index.d.ts'
[15:32:16.837] Adding entry into typings cache: 'timsort' => '/home/niedzwiedz/.cache/typescript/4.1/node_modules/@types/timsort/index.d.ts'
[15:32:16.838] Adding entry into typings cache: 'tmp' => '/home/niedzwiedz/.cache/typescript/4.1/node_modules/@types/tmp/index.d.ts'
[15:32:16.839] Adding entry into typings cache: 'toposort' => '/home/niedzwiedz/.cache/typescript/4.1/node_modules/@types/toposort/index.d.ts'
[15:32:16.839] Adding entry into typings cache: 'tough-cookie' => '/home/niedzwiedz/.cache/typescript/4.1/node_modules/@types/tough-cookie/index.d.ts'
[15:32:16.840] Adding entry into typings cache: 'tryer' => '/home/niedzwiedz/.cache/typescript/4.1/node_modules/@types/tryer/index.d.ts'
[15:32:16.841] Adding entry into typings cache: 'type-check' => '/home/niedzwiedz/.cache/typescript/4.1/node_modules/@types/type-check/index.d.ts'
[15:32:16.841] Adding entry into typings cache: 'type-is' => '/home/niedzwiedz/.cache/typescript/4.1/node_modules/@types/type-is/index.d.ts'
[15:32:16.842] Adding entry into typings cache: 'uglify-js' => '/home/niedzwiedz/.cache/typescript/4.1/node_modules/@types/uglify-js/index.d.ts'
[15:32:16.843] Adding entry into typings cache: 'uniq' => '/home/niedzwiedz/.cache/typescript/4.1/node_modules/@types/uniq/index.d.ts'
[15:32:16.843] Adding entry into typings cache: 'universalify' => '/home/niedzwiedz/.cache/typescript/4.1/node_modules/@types/universalify/index.d.ts'
[15:32:16.844] Adding entry into typings cache: 'urix' => '/home/niedzwiedz/.cache/typescript/4.1/node_modules/@types/urix/index.d.ts'
[15:32:16.845] Adding entry into typings cache: 'url-parse' => '/home/niedzwiedz/.cache/typescript/4.1/node_modules/@types/url-parse/index.d.ts'
[15:32:16.847] Adding entry into typings cache: 'util-deprecate' => '/home/niedzwiedz/.cache/typescript/4.1/node_modules/@types/util-deprecate/index.d.ts'
[15:32:16.847] Adding entry into typings cache: 'util.promisify' => '/home/niedzwiedz/.cache/typescript/4.1/node_modules/@types/util.promisify/index.d.ts'
[15:32:16.848] Adding entry into typings cache: 'utils-merge' => '/home/niedzwiedz/.cache/typescript/4.1/node_modules/@types/utils-merge/index.d.ts'
[15:32:16.849] Adding entry into typings cache: 'uuid' => '/home/niedzwiedz/.cache/typescript/4.1/node_modules/@types/uuid/index.d.ts'
[15:32:16.850] Adding entry into typings cache: 'validate-npm-package-license' => '/home/niedzwiedz/.cache/typescript/4.1/node_modules/@types/validate-npm-package-license/index.d.ts'
[15:32:16.850] Adding entry into typings cache: 'vary' => '/home/niedzwiedz/.cache/typescript/4.1/node_modules/@types/vary/index.d.ts'
[15:32:16.851] Adding entry into typings cache: 'verror' => '/home/niedzwiedz/.cache/typescript/4.1/node_modules/@types/verror/index.d.ts'
[15:32:16.852] Adding entry into typings cache: 'w3c-xmlserializer' => '/home/niedzwiedz/.cache/typescript/4.1/node_modules/@types/w3c-xmlserializer/index.d.ts'
[15:32:16.853] Adding entry into typings cache: 'watchpack' => '/home/niedzwiedz/.cache/typescript/4.1/node_modules/@types/watchpack/index.d.ts'
[15:32:16.853] Adding entry into typings cache: 'wcwidth' => '/home/niedzwiedz/.cache/typescript/4.1/node_modules/@types/wcwidth/index.d.ts'
[15:32:16.854] Adding entry into typings cache: 'webidl-conversions' => '/home/niedzwiedz/.cache/typescript/4.1/node_modules/@types/webidl-conversions/index.d.ts'
[15:32:16.855] Adding entry into typings cache: 'webpack' => '/home/niedzwiedz/.cache/typescript/4.1/node_modules/webpack/types.d.ts'
[15:32:16.856] Adding entry into typings cache: 'webpack-bundle-analyzer' => '/home/niedzwiedz/.cache/typescript/4.1/node_modules/@types/webpack-bundle-analyzer/index.d.ts'
[15:32:16.857] Adding entry into typings cache: 'webpack-dev-middleware' => '/home/niedzwiedz/.cache/typescript/4.1/node_modules/@types/webpack-dev-middleware/index.d.ts'
[15:32:16.858] Adding entry into typings cache: 'webpack-dev-server' => '/home/niedzwiedz/.cache/typescript/4.1/node_modules/@types/webpack-dev-server/index.d.ts'
[15:32:16.858] Adding entry into typings cache: 'webpack-merge' => '/home/niedzwiedz/.cache/typescript/4.1/node_modules/@types/webpack-merge/index.d.ts'
[15:32:16.860] Adding entry into typings cache: 'webpack-sources' => '/home/niedzwiedz/.cache/typescript/4.1/node_modules/@types/webpack-sources/index.d.ts'
[15:32:16.860] Adding entry into typings cache: 'whatwg-encoding' => '/home/niedzwiedz/.cache/typescript/4.1/node_modules/@types/whatwg-encoding/index.d.ts'
[15:32:16.861] Adding entry into typings cache: 'whatwg-mimetype' => '/home/niedzwiedz/.cache/typescript/4.1/node_modules/@types/whatwg-mimetype/index.d.ts'
[15:32:16.862] Adding entry into typings cache: 'whatwg-url' => '/home/niedzwiedz/.cache/typescript/4.1/node_modules/@types/whatwg-url/index.d.ts'
[15:32:16.862] Adding entry into typings cache: 'which' => '/home/niedzwiedz/.cache/typescript/4.1/node_modules/@types/which/index.d.ts'
[15:32:16.863] Adding entry into typings cache: 'workbox-background-sync' => '/home/niedzwiedz/.cache/typescript/4.1/node_modules/@types/workbox-background-sync/index.d.ts'
[15:32:16.864] Adding entry into typings cache: 'workbox-broadcast-update' => '/home/niedzwiedz/.cache/typescript/4.1/node_modules/@types/workbox-broadcast-update/index.d.ts'
[15:32:16.865] Adding entry into typings cache: 'workbox-build' => '/home/niedzwiedz/.cache/typescript/4.1/node_modules/@types/workbox-build/index.d.ts'
[15:32:16.866] Adding entry into typings cache: 'workbox-cacheable-response' => '/home/niedzwiedz/.cache/typescript/4.1/node_modules/@types/workbox-cacheable-response/index.d.ts'
[15:32:16.866] Adding entry into typings cache: 'workbox-core' => '/home/niedzwiedz/.cache/typescript/4.1/node_modules/@types/workbox-core/index.d.ts'
[15:32:16.867] Adding entry into typings cache: 'workbox-expiration' => '/home/niedzwiedz/.cache/typescript/4.1/node_modules/@types/workbox-expiration/index.d.ts'
[15:32:16.867] Adding entry into typings cache: 'workbox-google-analytics' => '/home/niedzwiedz/.cache/typescript/4.1/node_modules/@types/workbox-google-analytics/index.d.ts'
[15:32:16.868] Adding entry into typings cache: 'workbox-navigation-preload' => '/home/niedzwiedz/.cache/typescript/4.1/node_modules/@types/workbox-navigation-preload/index.d.ts'
[15:32:16.869] Adding entry into typings cache: 'workbox-precaching' => '/home/niedzwiedz/.cache/typescript/4.1/node_modules/@types/workbox-precaching/index.d.ts'
[15:32:16.870] Adding entry into typings cache: 'workbox-range-requests' => '/home/niedzwiedz/.cache/typescript/4.1/node_modules/@types/workbox-range-requests/index.d.ts'
[15:32:16.871] Adding entry into typings cache: 'workbox-routing' => '/home/niedzwiedz/.cache/typescript/4.1/node_modules/@types/workbox-routing/index.d.ts'
[15:32:16.872] Adding entry into typings cache: 'workbox-strategies' => '/home/niedzwiedz/.cache/typescript/4.1/node_modules/@types/workbox-strategies/index.d.ts'
[15:32:16.872] Adding entry into typings cache: 'workbox-streams' => '/home/niedzwiedz/.cache/typescript/4.1/node_modules/@types/workbox-streams/index.d.ts'
[15:32:16.873] Adding entry into typings cache: 'workbox-sw' => '/home/niedzwiedz/.cache/typescript/4.1/node_modules/@types/workbox-sw/index.d.ts'
[15:32:16.874] Adding entry into typings cache: 'workbox-webpack-plugin' => '/home/niedzwiedz/.cache/typescript/4.1/node_modules/@types/workbox-webpack-plugin/index.d.ts'
[15:32:16.875] Adding entry into typings cache: 'workbox-window' => '/home/niedzwiedz/.cache/typescript/4.1/node_modules/@types/workbox-window/index.d.ts'
[15:32:16.876] Adding entry into typings cache: 'wrap-ansi' => '/home/niedzwiedz/.cache/typescript/4.1/node_modules/@types/wrap-ansi/index.d.ts'
[15:32:16.876] Adding entry into typings cache: 'write' => '/home/niedzwiedz/.cache/typescript/4.1/node_modules/@types/write/index.d.ts'
[15:32:16.877] Adding entry into typings cache: 'write-file-atomic' => '/home/niedzwiedz/.cache/typescript/4.1/node_modules/@types/write-file-atomic/index.d.ts'
[15:32:16.878] Adding entry into typings cache: 'ws' => '/home/niedzwiedz/.cache/typescript/4.1/node_modules/@types/ws/index.d.ts'
[15:32:16.878] Adding entry into typings cache: 'xtend' => '/home/niedzwiedz/.cache/typescript/4.1/node_modules/@types/xtend/index.d.ts'
[15:32:16.879] Adding entry into typings cache: 'y18n' => '/home/niedzwiedz/.cache/typescript/4.1/node_modules/@types/y18n/index.d.ts'
[15:32:16.880] Adding entry into typings cache: 'yallist' => '/home/niedzwiedz/.cache/typescript/4.1/node_modules/@types/yallist/index.d.ts'
[15:32:16.881] Adding entry into typings cache: 'yargs' => '/home/niedzwiedz/.cache/typescript/4.1/node_modules/@types/yargs/index.d.ts'
[15:32:16.881] Adding entry into typings cache: 'yargs-parser' => '/home/niedzwiedz/.cache/typescript/4.1/node_modules/@types/yargs-parser/index.d.ts'
[15:32:16.881] Finished processing cache location '/home/niedzwiedz/.cache/typescript/4.1'
[15:32:16.882] Process id: 1955067
[15:32:16.882] NPM location: /home/niedzwiedz/.nvm/versions/node/v13.8.0/bin/npm (explicit '--npmLocation' not  provided)
[15:32:16.882] validateDefaultNpmLocation: false
[15:32:16.882] Npm config file: /home/niedzwiedz/.cache/typescript/4.1/package.json
[15:32:16.882] Updating types-registry npm package...
[15:32:16.882] Exec: /home/niedzwiedz/.nvm/versions/node/v13.8.0/bin/npm install --ignore-scripts types-registry@latest
[15:32:20.235]     Succeeded. stdout:
    + types-registry@0.1.535
    updated 1 package and audited 714 packages in 2.778s

14 packages are looking for funding
  run `npm fund` for details

found 0 vulnerabilities


[15:32:20.235] Updated types-registry npm package
